-- The C compiler identification is GNU 13.2.0
-- The CXX compiler identification is GNU 13.2.0
-- Detecting C compiler ABI info
-- Detecting C compiler ABI info - done
-- Check for working C compiler: /usr/bin/cc - skipped
-- Detecting C compile features
-- Detecting C compile features - done
-- Detecting CXX compiler ABI info
-- Detecting CXX compiler ABI info - done
-- Check for working CXX compiler: /usr/bin/c++ - skipped
-- Detecting CXX compile features
-- Detecting CXX compile features - done
-- Found ament_cmake: 2.5.2 (/opt/ros/jazzy/share/ament_cmake/cmake)
-- Found Python3: /usr/bin/python3 (found version "3.12.3") found components: Interpreter 
-- Override CMake install command with custom implementation using symlinks instead of copying resources
-- Configuring done (0.6s)
-- Generating done (0.0s)
-- Build files have been written to: /root/ros2_ws/build/my_diff_robot
-- Install configuration: ""
-- Execute custom install script
-- Symlinking: /root/ros2_ws/install/my_diff_robot/share/my_diff_robot/urdf/robot.urdf
-- Symlinking: /root/ros2_ws/install/my_diff_robot/share/my_diff_robot/launch/robot.launch.py
-- Symlinking: /root/ros2_ws/install/my_diff_robot/share/my_diff_robot/config/controllers.yaml
-- Symlinking: /root/ros2_ws/install/my_diff_robot/share/my_diff_robot/config/gz_bridge.yaml
-- Symlinking: /root/ros2_ws/install/my_diff_robot/share/my_diff_robot/rviz/robot.rviz
-- Symlinking: /root/ros2_ws/install/my_diff_robot/share/my_diff_robot/worlds/empty.sdf
-- Symlinking: /root/ros2_ws/install/my_diff_robot/lib/my_diff_robot/simple_teleop.py
-- Symlinking: /root/ros2_ws/install/my_diff_robot/share/ament_index/resource_index/package_run_dependencies/my_diff_robot
-- Symlinking: /root/ros2_ws/install/my_diff_robot/share/ament_index/resource_index/parent_prefix_path/my_diff_robot
-- Symlinking: /root/ros2_ws/install/my_diff_robot/share/my_diff_robot/environment/ament_prefix_path.sh
-- Symlinking: /root/ros2_ws/install/my_diff_robot/share/my_diff_robot/environment/ament_prefix_path.dsv
-- Symlinking: /root/ros2_ws/install/my_diff_robot/share/my_diff_robot/environment/path.sh
-- Symlinking: /root/ros2_ws/install/my_diff_robot/share/my_diff_robot/environment/path.dsv
-- Symlinking: /root/ros2_ws/install/my_diff_robot/share/my_diff_robot/local_setup.bash
-- Symlinking: /root/ros2_ws/install/my_diff_robot/share/my_diff_robot/local_setup.sh
-- Symlinking: /root/ros2_ws/install/my_diff_robot/share/my_diff_robot/local_setup.zsh
-- Symlinking: /root/ros2_ws/install/my_diff_robot/share/my_diff_robot/local_setup.dsv
-- Symlinking: /root/ros2_ws/install/my_diff_robot/share/my_diff_robot/package.dsv
-- Symlinking: /root/ros2_ws/install/my_diff_robot/share/ament_index/resource_index/packages/my_diff_robot
-- Symlinking: /root/ros2_ws/install/my_diff_robot/share/my_diff_robot/cmake/my_diff_robotConfig.cmake
-- Symlinking: /root/ros2_ws/install/my_diff_robot/share/my_diff_robot/cmake/my_diff_robotConfig-version.cmake
-- Symlinking: /root/ros2_ws/install/my_diff_robot/share/my_diff_robot/package.xml
