[0.000000] (-) TimerEvent: {}
[0.000053] (my_diff_robot) JobQueued: {'identifier': 'my_diff_robot', 'dependencies': OrderedDict()}
[0.000332] (my_diff_robot) JobStarted: {'identifier': 'my_diff_robot'}
[0.010461] (my_diff_robot) JobProgress: {'identifier': 'my_diff_robot', 'progress': 'cmake'}
[0.010742] (my_diff_robot) Command: {'cmd': ['/usr/bin/cmake', '/root/ros2_ws/src/my_diff_robot', '-DAMENT_CMAKE_SYMLINK_INSTALL=1', '-DCMAKE_INSTALL_PREFIX=/root/ros2_ws/install/my_diff_robot'], 'cwd': '/root/ros2_ws/build/my_diff_robot', 'env': OrderedDict({'GZ_CONFIG_PATH': '/opt/ros/jazzy/opt/gz_sim_vendor/share/gz:/opt/ros/jazzy/opt/sdformat_vendor/share/gz:/opt/ros/jazzy/opt/gz_gui_vendor/share/gz:/opt/ros/jazzy/opt/gz_transport_vendor/share/gz:/opt/ros/jazzy/opt/gz_rendering_vendor/share/gz:/opt/ros/jazzy/opt/gz_plugin_vendor/share/gz:/opt/ros/jazzy/opt/gz_fuel_tools_vendor/share/gz:/opt/ros/jazzy/opt/gz_msgs_vendor/share/gz:/opt/ros/jazzy/opt/gz_common_vendor/share/gz', 'SHLVL': '0', 'LD_LIBRARY_PATH': '/opt/ros/jazzy/opt/gz_sim_vendor/lib:/opt/ros/jazzy/opt/gz_sensors_vendor/lib:/opt/ros/jazzy/opt/gz_physics_vendor/lib:/opt/ros/jazzy/opt/sdformat_vendor/lib:/opt/ros/jazzy/opt/rviz_ogre_vendor/lib:/opt/ros/jazzy/lib/x86_64-linux-gnu:/opt/ros/jazzy/opt/gz_gui_vendor/lib:/opt/ros/jazzy/opt/gz_transport_vendor/lib:/opt/ros/jazzy/opt/gz_rendering_vendor/lib:/opt/ros/jazzy/opt/gz_plugin_vendor/lib:/opt/ros/jazzy/opt/gz_fuel_tools_vendor/lib:/opt/ros/jazzy/opt/gz_msgs_vendor/lib:/opt/ros/jazzy/opt/gz_common_vendor/lib:/opt/ros/jazzy/opt/gz_math_vendor/lib:/opt/ros/jazzy/opt/gz_utils_vendor/lib:/opt/ros/jazzy/opt/gz_tools_vendor/lib:/opt/ros/jazzy/opt/gz_ogre_next_vendor/lib:/opt/ros/jazzy/opt/gz_dartsim_vendor/lib:/opt/ros/jazzy/opt/gz_cmake_vendor/lib:/opt/ros/jazzy/lib', 'HOME': '/root', 'ROS_PYTHON_VERSION': '3', 'ROS_DISTRO': 'jazzy', '_': '/usr/bin/colcon', 'ROS_VERSION': '2', 'PATH': '/opt/ros/jazzy/opt/gz_msgs_vendor/bin:/opt/ros/jazzy/opt/gz_tools_vendor/bin:/opt/ros/jazzy/opt/gz_ogre_next_vendor/bin:/opt/ros/jazzy/bin:/usr/local/sbin:/usr/local/bin:/usr/sbin:/usr/bin:/sbin:/bin', 'LANG': 'C.UTF-8', 'AMENT_PREFIX_PATH': '/opt/ros/jazzy', 'DEBIAN_FRONTEND': 'noninteractive', 'ROS_AUTOMATIC_DISCOVERY_RANGE': 'SUBNET', 'PWD': '/root/ros2_ws/build/my_diff_robot', 'LC_ALL': 'C.UTF-8', 'PYTHONPATH': '/opt/ros/jazzy/lib/python3.12/site-packages', 'COLCON': '1', 'CMAKE_PREFIX_PATH': '/opt/ros/jazzy/opt/gz_sim_vendor:/opt/ros/jazzy/opt/gz_sensors_vendor:/opt/ros/jazzy/opt/gz_physics_vendor:/opt/ros/jazzy/opt/sdformat_vendor:/opt/ros/jazzy/opt/gz_gui_vendor:/opt/ros/jazzy/opt/gz_transport_vendor:/opt/ros/jazzy/opt/gz_rendering_vendor:/opt/ros/jazzy/opt/gz_plugin_vendor:/opt/ros/jazzy/opt/gz_fuel_tools_vendor:/opt/ros/jazzy/opt/gz_msgs_vendor:/opt/ros/jazzy/opt/gz_common_vendor:/opt/ros/jazzy/opt/gz_math_vendor:/opt/ros/jazzy/opt/gz_utils_vendor:/opt/ros/jazzy/opt/gz_tools_vendor:/opt/ros/jazzy/opt/gz_ogre_next_vendor:/opt/ros/jazzy/opt/gz_dartsim_vendor:/opt/ros/jazzy/opt/gz_cmake_vendor:/opt/ros/jazzy'}), 'shell': False}
[0.099937] (-) TimerEvent: {}
[0.116849] (my_diff_robot) StdoutLine: {'line': b'-- The C compiler identification is GNU 13.2.0\n'}
[0.196236] (my_diff_robot) StdoutLine: {'line': b'-- The CXX compiler identification is GNU 13.2.0\n'}
[0.200033] (-) TimerEvent: {}
[0.211673] (my_diff_robot) StdoutLine: {'line': b'-- Detecting C compiler ABI info\n'}
[0.278994] (my_diff_robot) StdoutLine: {'line': b'-- Detecting C compiler ABI info - done\n'}
[0.284037] (my_diff_robot) StdoutLine: {'line': b'-- Check for working C compiler: /usr/bin/cc - skipped\n'}
[0.285128] (my_diff_robot) StdoutLine: {'line': b'-- Detecting C compile features\n'}
[0.285347] (my_diff_robot) StdoutLine: {'line': b'-- Detecting C compile features - done\n'}
[0.292355] (my_diff_robot) StdoutLine: {'line': b'-- Detecting CXX compiler ABI info\n'}
[0.300152] (-) TimerEvent: {}
[0.362444] (my_diff_robot) StdoutLine: {'line': b'-- Detecting CXX compiler ABI info - done\n'}
[0.370218] (my_diff_robot) StdoutLine: {'line': b'-- Check for working CXX compiler: /usr/bin/c++ - skipped\n'}
[0.370370] (my_diff_robot) StdoutLine: {'line': b'-- Detecting CXX compile features\n'}
[0.370622] (my_diff_robot) StdoutLine: {'line': b'-- Detecting CXX compile features - done\n'}
[0.379243] (my_diff_robot) StdoutLine: {'line': b'-- Found ament_cmake: 2.5.2 (/opt/ros/jazzy/share/ament_cmake/cmake)\n'}
[0.400259] (-) TimerEvent: {}
[0.476083] (my_diff_robot) StdoutLine: {'line': b'-- Found Python3: /usr/bin/python3 (found version "3.12.3") found components: Interpreter \n'}
[0.500345] (-) TimerEvent: {}
[0.523425] (my_diff_robot) StdoutLine: {'line': b'-- Override CMake install command with custom implementation using symlinks instead of copying resources\n'}
[0.600433] (-) TimerEvent: {}
[0.622127] (my_diff_robot) StdoutLine: {'line': b'-- Configuring done (0.6s)\n'}
[0.623595] (my_diff_robot) StdoutLine: {'line': b'-- Generating done (0.0s)\n'}
[0.624502] (my_diff_robot) StdoutLine: {'line': b'-- Build files have been written to: /root/ros2_ws/build/my_diff_robot\n'}
[0.627190] (my_diff_robot) CommandEnded: {'returncode': 0}
[0.627492] (my_diff_robot) JobProgress: {'identifier': 'my_diff_robot', 'progress': 'build'}
[0.627828] (my_diff_robot) Command: {'cmd': ['/usr/bin/cmake', '--build', '/root/ros2_ws/build/my_diff_robot', '--', '-j16', '-l16'], 'cwd': '/root/ros2_ws/build/my_diff_robot', 'env': OrderedDict({'GZ_CONFIG_PATH': '/opt/ros/jazzy/opt/gz_sim_vendor/share/gz:/opt/ros/jazzy/opt/sdformat_vendor/share/gz:/opt/ros/jazzy/opt/gz_gui_vendor/share/gz:/opt/ros/jazzy/opt/gz_transport_vendor/share/gz:/opt/ros/jazzy/opt/gz_rendering_vendor/share/gz:/opt/ros/jazzy/opt/gz_plugin_vendor/share/gz:/opt/ros/jazzy/opt/gz_fuel_tools_vendor/share/gz:/opt/ros/jazzy/opt/gz_msgs_vendor/share/gz:/opt/ros/jazzy/opt/gz_common_vendor/share/gz', 'SHLVL': '0', 'LD_LIBRARY_PATH': '/opt/ros/jazzy/opt/gz_sim_vendor/lib:/opt/ros/jazzy/opt/gz_sensors_vendor/lib:/opt/ros/jazzy/opt/gz_physics_vendor/lib:/opt/ros/jazzy/opt/sdformat_vendor/lib:/opt/ros/jazzy/opt/rviz_ogre_vendor/lib:/opt/ros/jazzy/lib/x86_64-linux-gnu:/opt/ros/jazzy/opt/gz_gui_vendor/lib:/opt/ros/jazzy/opt/gz_transport_vendor/lib:/opt/ros/jazzy/opt/gz_rendering_vendor/lib:/opt/ros/jazzy/opt/gz_plugin_vendor/lib:/opt/ros/jazzy/opt/gz_fuel_tools_vendor/lib:/opt/ros/jazzy/opt/gz_msgs_vendor/lib:/opt/ros/jazzy/opt/gz_common_vendor/lib:/opt/ros/jazzy/opt/gz_math_vendor/lib:/opt/ros/jazzy/opt/gz_utils_vendor/lib:/opt/ros/jazzy/opt/gz_tools_vendor/lib:/opt/ros/jazzy/opt/gz_ogre_next_vendor/lib:/opt/ros/jazzy/opt/gz_dartsim_vendor/lib:/opt/ros/jazzy/opt/gz_cmake_vendor/lib:/opt/ros/jazzy/lib', 'HOME': '/root', 'ROS_PYTHON_VERSION': '3', 'ROS_DISTRO': 'jazzy', '_': '/usr/bin/colcon', 'ROS_VERSION': '2', 'PATH': '/opt/ros/jazzy/opt/gz_msgs_vendor/bin:/opt/ros/jazzy/opt/gz_tools_vendor/bin:/opt/ros/jazzy/opt/gz_ogre_next_vendor/bin:/opt/ros/jazzy/bin:/usr/local/sbin:/usr/local/bin:/usr/sbin:/usr/bin:/sbin:/bin', 'LANG': 'C.UTF-8', 'AMENT_PREFIX_PATH': '/opt/ros/jazzy', 'DEBIAN_FRONTEND': 'noninteractive', 'ROS_AUTOMATIC_DISCOVERY_RANGE': 'SUBNET', 'PWD': '/root/ros2_ws/build/my_diff_robot', 'LC_ALL': 'C.UTF-8', 'PYTHONPATH': '/opt/ros/jazzy/lib/python3.12/site-packages', 'COLCON': '1', 'CMAKE_PREFIX_PATH': '/opt/ros/jazzy/opt/gz_sim_vendor:/opt/ros/jazzy/opt/gz_sensors_vendor:/opt/ros/jazzy/opt/gz_physics_vendor:/opt/ros/jazzy/opt/sdformat_vendor:/opt/ros/jazzy/opt/gz_gui_vendor:/opt/ros/jazzy/opt/gz_transport_vendor:/opt/ros/jazzy/opt/gz_rendering_vendor:/opt/ros/jazzy/opt/gz_plugin_vendor:/opt/ros/jazzy/opt/gz_fuel_tools_vendor:/opt/ros/jazzy/opt/gz_msgs_vendor:/opt/ros/jazzy/opt/gz_common_vendor:/opt/ros/jazzy/opt/gz_math_vendor:/opt/ros/jazzy/opt/gz_utils_vendor:/opt/ros/jazzy/opt/gz_tools_vendor:/opt/ros/jazzy/opt/gz_ogre_next_vendor:/opt/ros/jazzy/opt/gz_dartsim_vendor:/opt/ros/jazzy/opt/gz_cmake_vendor:/opt/ros/jazzy'}), 'shell': False}
[0.652891] (my_diff_robot) CommandEnded: {'returncode': 0}
[0.653268] (my_diff_robot) JobProgress: {'identifier': 'my_diff_robot', 'progress': 'install'}
[0.659415] (my_diff_robot) Command: {'cmd': ['/usr/bin/cmake', '--install', '/root/ros2_ws/build/my_diff_robot'], 'cwd': '/root/ros2_ws/build/my_diff_robot', 'env': OrderedDict({'GZ_CONFIG_PATH': '/opt/ros/jazzy/opt/gz_sim_vendor/share/gz:/opt/ros/jazzy/opt/sdformat_vendor/share/gz:/opt/ros/jazzy/opt/gz_gui_vendor/share/gz:/opt/ros/jazzy/opt/gz_transport_vendor/share/gz:/opt/ros/jazzy/opt/gz_rendering_vendor/share/gz:/opt/ros/jazzy/opt/gz_plugin_vendor/share/gz:/opt/ros/jazzy/opt/gz_fuel_tools_vendor/share/gz:/opt/ros/jazzy/opt/gz_msgs_vendor/share/gz:/opt/ros/jazzy/opt/gz_common_vendor/share/gz', 'SHLVL': '0', 'LD_LIBRARY_PATH': '/opt/ros/jazzy/opt/gz_sim_vendor/lib:/opt/ros/jazzy/opt/gz_sensors_vendor/lib:/opt/ros/jazzy/opt/gz_physics_vendor/lib:/opt/ros/jazzy/opt/sdformat_vendor/lib:/opt/ros/jazzy/opt/rviz_ogre_vendor/lib:/opt/ros/jazzy/lib/x86_64-linux-gnu:/opt/ros/jazzy/opt/gz_gui_vendor/lib:/opt/ros/jazzy/opt/gz_transport_vendor/lib:/opt/ros/jazzy/opt/gz_rendering_vendor/lib:/opt/ros/jazzy/opt/gz_plugin_vendor/lib:/opt/ros/jazzy/opt/gz_fuel_tools_vendor/lib:/opt/ros/jazzy/opt/gz_msgs_vendor/lib:/opt/ros/jazzy/opt/gz_common_vendor/lib:/opt/ros/jazzy/opt/gz_math_vendor/lib:/opt/ros/jazzy/opt/gz_utils_vendor/lib:/opt/ros/jazzy/opt/gz_tools_vendor/lib:/opt/ros/jazzy/opt/gz_ogre_next_vendor/lib:/opt/ros/jazzy/opt/gz_dartsim_vendor/lib:/opt/ros/jazzy/opt/gz_cmake_vendor/lib:/opt/ros/jazzy/lib', 'HOME': '/root', 'ROS_PYTHON_VERSION': '3', 'ROS_DISTRO': 'jazzy', '_': '/usr/bin/colcon', 'ROS_VERSION': '2', 'PATH': '/opt/ros/jazzy/opt/gz_msgs_vendor/bin:/opt/ros/jazzy/opt/gz_tools_vendor/bin:/opt/ros/jazzy/opt/gz_ogre_next_vendor/bin:/opt/ros/jazzy/bin:/usr/local/sbin:/usr/local/bin:/usr/sbin:/usr/bin:/sbin:/bin', 'LANG': 'C.UTF-8', 'AMENT_PREFIX_PATH': '/opt/ros/jazzy', 'DEBIAN_FRONTEND': 'noninteractive', 'ROS_AUTOMATIC_DISCOVERY_RANGE': 'SUBNET', 'PWD': '/root/ros2_ws/build/my_diff_robot', 'LC_ALL': 'C.UTF-8', 'PYTHONPATH': '/opt/ros/jazzy/lib/python3.12/site-packages', 'COLCON': '1', 'CMAKE_PREFIX_PATH': '/opt/ros/jazzy/opt/gz_sim_vendor:/opt/ros/jazzy/opt/gz_sensors_vendor:/opt/ros/jazzy/opt/gz_physics_vendor:/opt/ros/jazzy/opt/sdformat_vendor:/opt/ros/jazzy/opt/gz_gui_vendor:/opt/ros/jazzy/opt/gz_transport_vendor:/opt/ros/jazzy/opt/gz_rendering_vendor:/opt/ros/jazzy/opt/gz_plugin_vendor:/opt/ros/jazzy/opt/gz_fuel_tools_vendor:/opt/ros/jazzy/opt/gz_msgs_vendor:/opt/ros/jazzy/opt/gz_common_vendor:/opt/ros/jazzy/opt/gz_math_vendor:/opt/ros/jazzy/opt/gz_utils_vendor:/opt/ros/jazzy/opt/gz_tools_vendor:/opt/ros/jazzy/opt/gz_ogre_next_vendor:/opt/ros/jazzy/opt/gz_dartsim_vendor:/opt/ros/jazzy/opt/gz_cmake_vendor:/opt/ros/jazzy'}), 'shell': False}
[0.666521] (my_diff_robot) StdoutLine: {'line': b'-- Install configuration: ""\n'}
[0.666676] (my_diff_robot) StdoutLine: {'line': b'-- Execute custom install script\n'}
[0.666930] (my_diff_robot) StdoutLine: {'line': b'-- Symlinking: /root/ros2_ws/install/my_diff_robot/share/my_diff_robot/urdf/robot.urdf\n'}
[0.672782] (my_diff_robot) StdoutLine: {'line': b'-- Symlinking: /root/ros2_ws/install/my_diff_robot/share/my_diff_robot/launch/robot.launch.py\n'}
[0.677897] (my_diff_robot) StdoutLine: {'line': b'-- Symlinking: /root/ros2_ws/install/my_diff_robot/share/my_diff_robot/config/controllers.yaml\n'}
[0.684364] (my_diff_robot) StdoutLine: {'line': b'-- Symlinking: /root/ros2_ws/install/my_diff_robot/share/my_diff_robot/config/gz_bridge.yaml\n'}
[0.691672] (my_diff_robot) StdoutLine: {'line': b'-- Symlinking: /root/ros2_ws/install/my_diff_robot/share/my_diff_robot/rviz/robot.rviz\n'}
[0.697680] (my_diff_robot) StdoutLine: {'line': b'-- Symlinking: /root/ros2_ws/install/my_diff_robot/share/my_diff_robot/worlds/empty.sdf\n'}
[0.700535] (-) TimerEvent: {}
[0.705677] (my_diff_robot) StdoutLine: {'line': b'-- Symlinking: /root/ros2_ws/install/my_diff_robot/lib/my_diff_robot/simple_teleop.py\n'}
[0.712929] (my_diff_robot) StdoutLine: {'line': b'-- Symlinking: /root/ros2_ws/install/my_diff_robot/share/ament_index/resource_index/package_run_dependencies/my_diff_robot\n'}
[0.718659] (my_diff_robot) StdoutLine: {'line': b'-- Symlinking: /root/ros2_ws/install/my_diff_robot/share/ament_index/resource_index/parent_prefix_path/my_diff_robot\n'}
[0.724323] (my_diff_robot) StdoutLine: {'line': b'-- Symlinking: /root/ros2_ws/install/my_diff_robot/share/my_diff_robot/environment/ament_prefix_path.sh\n'}
[0.730823] (my_diff_robot) StdoutLine: {'line': b'-- Symlinking: /root/ros2_ws/install/my_diff_robot/share/my_diff_robot/environment/ament_prefix_path.dsv\n'}
[0.737867] (my_diff_robot) StdoutLine: {'line': b'-- Symlinking: /root/ros2_ws/install/my_diff_robot/share/my_diff_robot/environment/path.sh\n'}
[0.747055] (my_diff_robot) StdoutLine: {'line': b'-- Symlinking: /root/ros2_ws/install/my_diff_robot/share/my_diff_robot/environment/path.dsv\n'}
[0.756275] (my_diff_robot) StdoutLine: {'line': b'-- Symlinking: /root/ros2_ws/install/my_diff_robot/share/my_diff_robot/local_setup.bash\n'}
[0.762154] (my_diff_robot) StdoutLine: {'line': b'-- Symlinking: /root/ros2_ws/install/my_diff_robot/share/my_diff_robot/local_setup.sh\n'}
[0.768609] (my_diff_robot) StdoutLine: {'line': b'-- Symlinking: /root/ros2_ws/install/my_diff_robot/share/my_diff_robot/local_setup.zsh\n'}
[0.775164] (my_diff_robot) StdoutLine: {'line': b'-- Symlinking: /root/ros2_ws/install/my_diff_robot/share/my_diff_robot/local_setup.dsv\n'}
[0.781993] (my_diff_robot) StdoutLine: {'line': b'-- Symlinking: /root/ros2_ws/install/my_diff_robot/share/my_diff_robot/package.dsv\n'}
[0.788093] (my_diff_robot) StdoutLine: {'line': b'-- Symlinking: /root/ros2_ws/install/my_diff_robot/share/ament_index/resource_index/packages/my_diff_robot\n'}
[0.793517] (my_diff_robot) StdoutLine: {'line': b'-- Symlinking: /root/ros2_ws/install/my_diff_robot/share/my_diff_robot/cmake/my_diff_robotConfig.cmake\n'}
[0.799855] (my_diff_robot) StdoutLine: {'line': b'-- Symlinking: /root/ros2_ws/install/my_diff_robot/share/my_diff_robot/cmake/my_diff_robotConfig-version.cmake\n'}
[0.800597] (-) TimerEvent: {}
[0.807336] (my_diff_robot) StdoutLine: {'line': b'-- Symlinking: /root/ros2_ws/install/my_diff_robot/share/my_diff_robot/package.xml\n'}
[0.815360] (my_diff_robot) CommandEnded: {'returncode': 0}
[0.829980] (my_diff_robot) JobEnded: {'identifier': 'my_diff_robot', 'rc': 0}
[0.830265] (-) EventReactorShutdown: {}
