-- Install configuration: ""
-- Up-to-date: /root/ros2_ws/install/my_diff_robot/share/my_diff_robot/urdf
-- Up-to-date: /root/ros2_ws/install/my_diff_robot/share/my_diff_robot/urdf/robot.urdf
-- Up-to-date: /root/ros2_ws/install/my_diff_robot/share/my_diff_robot/launch
-- Up-to-date: /root/ros2_ws/install/my_diff_robot/share/my_diff_robot/launch/robot.launch.py
-- Up-to-date: /root/ros2_ws/install/my_diff_robot/share/my_diff_robot/config
-- Up-to-date: /root/ros2_ws/install/my_diff_robot/share/my_diff_robot/config/controllers.yaml
-- Up-to-date: /root/ros2_ws/install/my_diff_robot/share/my_diff_robot/config/gz_bridge.yaml
-- Up-to-date: /root/ros2_ws/install/my_diff_robot/share/my_diff_robot/rviz
-- Up-to-date: /root/ros2_ws/install/my_diff_robot/share/my_diff_robot/rviz/robot.rviz
-- Up-to-date: /root/ros2_ws/install/my_diff_robot/share/my_diff_robot/worlds
-- Up-to-date: /root/ros2_ws/install/my_diff_robot/share/my_diff_robot/worlds/empty.sdf
-- Up-to-date: /root/ros2_ws/install/my_diff_robot/lib/my_diff_robot/simple_teleop.py
-- Installing: /root/ros2_ws/install/my_diff_robot/lib/my_diff_robot/safety_node.py
-- Up-to-date: /root/ros2_ws/install/my_diff_robot/share/ament_index/resource_index/package_run_dependencies/my_diff_robot
-- Up-to-date: /root/ros2_ws/install/my_diff_robot/share/ament_index/resource_index/parent_prefix_path/my_diff_robot
-- Up-to-date: /root/ros2_ws/install/my_diff_robot/share/my_diff_robot/environment/ament_prefix_path.sh
-- Up-to-date: /root/ros2_ws/install/my_diff_robot/share/my_diff_robot/environment/ament_prefix_path.dsv
-- Up-to-date: /root/ros2_ws/install/my_diff_robot/share/my_diff_robot/environment/path.sh
-- Up-to-date: /root/ros2_ws/install/my_diff_robot/share/my_diff_robot/environment/path.dsv
-- Up-to-date: /root/ros2_ws/install/my_diff_robot/share/my_diff_robot/local_setup.bash
-- Up-to-date: /root/ros2_ws/install/my_diff_robot/share/my_diff_robot/local_setup.sh
-- Up-to-date: /root/ros2_ws/install/my_diff_robot/share/my_diff_robot/local_setup.zsh
-- Up-to-date: /root/ros2_ws/install/my_diff_robot/share/my_diff_robot/local_setup.dsv
-- Installing: /root/ros2_ws/install/my_diff_robot/share/my_diff_robot/package.dsv
-- Up-to-date: /root/ros2_ws/install/my_diff_robot/share/ament_index/resource_index/packages/my_diff_robot
-- Up-to-date: /root/ros2_ws/install/my_diff_robot/share/my_diff_robot/cmake/my_diff_robotConfig.cmake
-- Up-to-date: /root/ros2_ws/install/my_diff_robot/share/my_diff_robot/cmake/my_diff_robotConfig-version.cmake
-- Up-to-date: /root/ros2_ws/install/my_diff_robot/share/my_diff_robot/package.xml
